<?xml version="1.0" encoding="UTF-8"?>
<robot generator="Robot 7.3.1 (Python 3.13.1 on win32)" generated="2025-06-26T20:46:56.118496" rpa="false" schemaversion="5">
<suite id="s1" name="RobotFrameworkProject" source="C:\Github\RobotFrameworkProject">
<suite id="s1-s1" name="Tests" source="C:\Github\RobotFrameworkProject\tests">
<suite id="s1-s1-s1" name="Orange Demo" source="C:\Github\RobotFrameworkProject\tests\orange_demo.robot">
<test id="s1-s1-s1-t1" name="Login to OrangeHRM" line="11">
<kw name="ce connecte a l'application Orange Demo" owner="resource1">
<kw name="Open Browser" owner="SeleniumLibrary">
<msg time="2025-06-26T20:46:56.400851" level="INFO">Opening browser 'Chrome' to base url 'https://opensource-demo.orangehrmlive.com/web/index.php/auth/login'.</msg>
<arg>${url}</arg>
<arg>${browser}</arg>
<doc>Opens a new browser instance to the optional ``url``.</doc>
<status status="PASS" start="2025-06-26T20:46:56.400477" elapsed="2.226285"/>
</kw>
<kw name="Set Browser Implicit Wait" owner="SeleniumLibrary">
<arg>30</arg>
<doc>Sets the implicit wait value used by Selenium.</doc>
<status status="PASS" start="2025-06-26T20:46:58.627097" elapsed="0.001172"/>
</kw>
<kw name="Maximize Browser Window" owner="SeleniumLibrary">
<doc>Maximizes current browser window.</doc>
<status status="PASS" start="2025-06-26T20:46:58.628495" elapsed="0.042495"/>
</kw>
<kw name="Input Text" owner="SeleniumLibrary">
<msg time="2025-06-26T20:46:58.671482" level="INFO">Typing text 'Admin' into text field 'name=username'.</msg>
<arg>name=username</arg>
<arg>Admin</arg>
<doc>Types the given ``text`` into the text field identified by ``locator``.</doc>
<status status="PASS" start="2025-06-26T20:46:58.671151" elapsed="0.248024"/>
</kw>
<kw name="Input Text" owner="SeleniumLibrary">
<msg time="2025-06-26T20:46:58.919637" level="INFO">Typing text 'admin123' into text field 'name=password'.</msg>
<arg>name=password</arg>
<arg>admin123</arg>
<doc>Types the given ``text`` into the text field identified by ``locator``.</doc>
<status status="PASS" start="2025-06-26T20:46:58.919392" elapsed="0.106558"/>
</kw>
<kw name="Click Button" owner="SeleniumLibrary">
<msg time="2025-06-26T20:46:59.026369" level="INFO">Clicking button 'xpath=//button[@type='submit']'.</msg>
<arg>xpath=//button[@type='submit']</arg>
<doc>Clicks the button identified by ``locator``.</doc>
<status status="PASS" start="2025-06-26T20:46:59.026149" elapsed="0.086410"/>
</kw>
<kw name="Sleep" owner="BuiltIn">
<msg time="2025-06-26T20:47:01.113445" level="INFO">Slept 2 seconds.</msg>
<arg>2s</arg>
<doc>Pauses the test executed for the given time.</doc>
<status status="PASS" start="2025-06-26T20:46:59.112818" elapsed="2.000768"/>
</kw>
<kw name="Wait Until Page Contains Element" owner="SeleniumLibrary">
<arg>xpath=//h6</arg>
<doc>Waits until the element ``locator`` appears on the current page.</doc>
<status status="PASS" start="2025-06-26T20:47:01.113778" elapsed="0.016828"/>
</kw>
<status status="PASS" start="2025-06-26T20:46:56.399615" elapsed="4.731168"/>
</kw>
<status status="PASS" start="2025-06-26T20:46:56.398358" elapsed="4.733355"/>
</test>
<status status="PASS" start="2025-06-26T20:46:56.144153" elapsed="4.988645"/>
</suite>
<status status="PASS" start="2025-06-26T20:46:56.142658" elapsed="4.991388"/>
</suite>
<status status="PASS" start="2025-06-26T20:46:56.120947" elapsed="5.014136"/>
</suite>
<statistics>
<total>
<stat pass="1" fail="0" skip="0">All Tests</stat>
</total>
<tag>
</tag>
<suite>
<stat name="RobotFrameworkProject" id="s1" pass="1" fail="0" skip="0">RobotFrameworkProject</stat>
<stat name="Tests" id="s1-s1" pass="1" fail="0" skip="0">RobotFrameworkProject.Tests</stat>
<stat name="Orange Demo" id="s1-s1-s1" pass="1" fail="0" skip="0">RobotFrameworkProject.Tests.Orange Demo</stat>
</suite>
</statistics>
<errors>
</errors>
</robot>
